# JRE version: Java(TM) SE Runtime Environment (8.0_231-b11) (build 1.8.0_231-b11)
# Java VM: Java HotSpot(TM) 64-Bit Server VM (25.231-b11 mixed mode windows-amd64 compressed oops)
Heap:
 PSYoungGen      total 161792K, used 136699K [0x00000000f5580000, 0x0000000100000000, 0x0000000100000000)
  eden space 149504K, 83% used [0x00000000f5580000,0x00000000fcf02ce0,0x00000000fe780000)
  from space 12288K, 99% used [0x00000000fe780000,0x00000000ff37c040,0x00000000ff380000)
  to   space 12800K, 0% used [0x00000000ff380000,0x00000000ff380000,0x0000000100000000)
 ParOldGen       total 175104K, used 19434K [0x00000000e0000000, 0x00000000eab00000, 0x00000000f5580000)
  object space 175104K, 11% used [0x00000000e0000000,0x00000000e12fa9e0,0x00000000eab00000)
 Metaspace       used 44571K, capacity 46506K, committed 46592K, reserved 1089536K
  class space    used 6223K, capacity 6626K, committed 6656K, reserved 1048576K
GC Heap History (10 events):
Event: 28.189 GC heap before
{Heap before GC invocations=7 (full 1):
 PSYoungGen      total 76288K, used 73830K [0x00000000f5580000, 0x00000000feb00000, 0x0000000100000000)
  eden space 65536K, 100% used [0x00000000f5580000,0x00000000f9580000,0x00000000f9580000)
  from space 10752K, 77% used [0x00000000f9580000,0x00000000f9d99890,0x00000000fa000000)
  to   space 12288K, 0% used [0x00000000fdf00000,0x00000000fdf00000,0x00000000feb00000)
 ParOldGen       total 175104K, used 6936K [0x00000000e0000000, 0x00000000eab00000, 0x00000000f5580000)
  object space 175104K, 3% used [0x00000000e0000000,0x00000000e06c6140,0x00000000eab00000)
 Metaspace       used 32819K, capacity 33724K, committed 34048K, reserved 1079296K
  class space    used 4584K, capacity 4812K, committed 4864K, reserved 1048576K
Event: 28.304 GC heap after
Heap after GC invocations=7 (full 1):
 PSYoungGen      total 140800K, used 9223K [0x00000000f5580000, 0x00000000feb00000, 0x0000000100000000)
  eden space 128512K, 0% used [0x00000000f5580000,0x00000000f5580000,0x00000000fd300000)
  from space 12288K, 75% used [0x00000000fdf00000,0x00000000fe801ea0,0x00000000feb00000)
  to   space 12288K, 0% used [0x00000000fd300000,0x00000000fd300000,0x00000000fdf00000)
 ParOldGen       total 175104K, used 6944K [0x00000000e0000000, 0x00000000eab00000, 0x00000000f5580000)
  object space 175104K, 3% used [0x00000000e0000000,0x00000000e06c8140,0x00000000eab00000)
 Metaspace       used 32819K, capacity 33724K, committed 34048K, reserved 1079296K
  class space    used 4584K, capacity 4812K, committed 4864K, reserved 1048576K
}
Event: 30.354 GC heap before
{Heap before GC invocations=8 (full 1):
 PSYoungGen      total 140800K, used 42459K [0x00000000f5580000, 0x00000000feb00000, 0x0000000100000000)
  eden space 128512K, 25% used [0x00000000f5580000,0x00000000f75f4ea0,0x00000000fd300000)
  from space 12288K, 75% used [0x00000000fdf00000,0x00000000fe801ea0,0x00000000feb00000)
  to   space 12288K, 0% used [0x00000000fd300000,0x00000000fd300000,0x00000000fdf00000)
 ParOldGen       total 175104K, used 6944K [0x00000000e0000000, 0x00000000eab00000, 0x00000000f5580000)
  object space 175104K, 3% used [0x00000000e0000000,0x00000000e06c8140,0x00000000eab00000)
 Metaspace       used 34422K, capacity 35410K, committed 35496K, reserved 1079296K
  class space    used 4824K, capacity 5085K, committed 5120K, reserved 1048576K
Event: 30.390 GC heap after
Heap after GC invocations=8 (full 1):
 PSYoungGen      total 140800K, used 7876K [0x00000000f5580000, 0x00000000fff00000, 0x0000000100000000)
  eden space 128512K, 0% used [0x00000000f5580000,0x00000000f5580000,0x00000000fd300000)
  from space 12288K, 64% used [0x00000000fd300000,0x00000000fdab13f0,0x00000000fdf00000)
  to   space 11776K, 0% used [0x00000000ff380000,0x00000000ff380000,0x00000000fff00000)
 ParOldGen       total 175104K, used 6952K [0x00000000e0000000, 0x00000000eab00000, 0x00000000f5580000)
  object space 175104K, 3% used [0x00000000e0000000,0x00000000e06ca140,0x00000000eab00000)
 Metaspace       used 34422K, capacity 35410K, committed 35496K, reserved 1079296K
  class space    used 4824K, capacity 5085K, committed 5120K, reserved 1048576K
}
Event: 30.390 GC heap before
{Heap before GC invocations=9 (full 2):
 PSYoungGen      total 140800K, used 7876K [0x00000000f5580000, 0x00000000fff00000, 0x0000000100000000)
  eden space 128512K, 0% used [0x00000000f5580000,0x00000000f5580000,0x00000000fd300000)
  from space 12288K, 64% used [0x00000000fd300000,0x00000000fdab13f0,0x00000000fdf00000)
  to   space 11776K, 0% used [0x00000000ff380000,0x00000000ff380000,0x00000000fff00000)
 ParOldGen       total 175104K, used 6952K [0x00000000e0000000, 0x00000000eab00000, 0x00000000f5580000)
  object space 175104K, 3% used [0x00000000e0000000,0x00000000e06ca140,0x00000000eab00000)
 Metaspace       used 34422K, capacity 35410K, committed 35496K, reserved 1079296K
  class space    used 4824K, capacity 5085K, committed 5120K, reserved 1048576K
Event: 30.494 GC heap after
Heap after GC invocations=9 (full 2):
 PSYoungGen      total 140800K, used 0K [0x00000000f5580000, 0x00000000fff00000, 0x0000000100000000)
  eden space 128512K, 0% used [0x00000000f5580000,0x00000000f5580000,0x00000000fd300000)
  from space 12288K, 0% used [0x00000000fd300000,0x00000000fd300000,0x00000000fdf00000)
  to   space 11776K, 0% used [0x00000000ff380000,0x00000000ff380000,0x00000000fff00000)
 ParOldGen       total 175104K, used 14432K [0x00000000e0000000, 0x00000000eab00000, 0x00000000f5580000)
  object space 175104K, 8% used [0x00000000e0000000,0x00000000e0e182b0,0x00000000eab00000)
 Metaspace       used 34422K, capacity 35410K, committed 35496K, reserved 1079296K
  class space    used 4824K, capacity 5085K, committed 5120K, reserved 1048576K
}
Event: 35.303 GC heap before
{Heap before GC invocations=10 (full 2):
 PSYoungGen      total 140800K, used 128512K [0x00000000f5580000, 0x00000000fff00000, 0x0000000100000000)
  eden space 128512K, 100% used [0x00000000f5580000,0x00000000fd300000,0x00000000fd300000)
  from space 12288K, 0% used [0x00000000fd300000,0x00000000fd300000,0x00000000fdf00000)
  to   space 11776K, 0% used [0x00000000ff380000,0x00000000ff380000,0x00000000fff00000)
 ParOldGen       total 175104K, used 14432K [0x00000000e0000000, 0x00000000eab00000, 0x00000000f5580000)
  object space 175104K, 8% used [0x00000000e0000000,0x00000000e0e182b0,0x00000000eab00000)
 Metaspace       used 40456K, capacity 42216K, committed 42368K, reserved 1085440K
  class space    used 5812K, capacity 6189K, committed 6272K, reserved 1048576K
Event: 35.312 GC heap after
Heap after GC invocations=10 (full 2):
 PSYoungGen      total 161280K, used 10462K [0x00000000f5580000, 0x0000000100000000, 0x0000000100000000)
  eden space 149504K, 0% used [0x00000000f5580000,0x00000000f5580000,0x00000000fe780000)
  from space 11776K, 88% used [0x00000000ff380000,0x00000000ffdb7b90,0x00000000fff00000)
  to   space 12288K, 0% used [0x00000000fe780000,0x00000000fe780000,0x00000000ff380000)
 ParOldGen       total 175104K, used 14440K [0x00000000e0000000, 0x00000000eab00000, 0x00000000f5580000)
  object space 175104K, 8% used [0x00000000e0000000,0x00000000e0e1a2b0,0x00000000eab00000)
 Metaspace       used 40456K, capacity 42216K, committed 42368K, reserved 1085440K
  class space    used 5812K, capacity 6189K, committed 6272K, reserved 1048576K
}
Event: 53.019 GC heap before
{Heap before GC invocations=11 (full 2):
 PSYoungGen      total 161280K, used 159966K [0x00000000f5580000, 0x0000000100000000, 0x0000000100000000)
  eden space 149504K, 100% used [0x00000000f5580000,0x00000000fe780000,0x00000000fe780000)
  from space 11776K, 88% used [0x00000000ff380000,0x00000000ffdb7b90,0x00000000fff00000)
  to   space 12288K, 0% used [0x00000000fe780000,0x00000000fe780000,0x00000000ff380000)
 ParOldGen       total 175104K, used 14440K [0x00000000e0000000, 0x00000000eab00000, 0x00000000f5580000)
  object space 175104K, 8% used [0x00000000e0000000,0x00000000e0e1a2b0,0x00000000eab00000)
 Metaspace       used 44383K, capacity 46394K, committed 46592K, reserved 1089536K
  class space    used 6218K, capacity 6618K, committed 6656K, reserved 1048576K
Event: 53.036 GC heap after
Heap after GC invocations=11 (full 2):
 PSYoungGen      total 161792K, used 12272K [0x00000000f5580000, 0x0000000100000000, 0x0000000100000000)
  eden space 149504K, 0% used [0x00000000f5580000,0x00000000f5580000,0x00000000fe780000)
  from space 12288K, 99% used [0x00000000fe780000,0x00000000ff37c040,0x00000000ff380000)
  to   space 12800K, 0% used [0x00000000ff380000,0x00000000ff380000,0x0000000100000000)
 ParOldGen       total 175104K, used 19434K [0x00000000e0000000, 0x00000000eab00000, 0x00000000f5580000)
  object space 175104K, 11% used [0x00000000e0000000,0x00000000e12fa9e0,0x00000000eab00000)
 Metaspace       used 44383K, capacity 46394K, committed 46592K, reserved 1089536K
  class space    used 6218K, capacity 6618K, committed 6656K, reserved 1048576K
}

