# JRE version: Java(TM) SE Runtime Environment (8.0_231-b11) (build 1.8.0_231-b11)
# Java VM: Java HotSpot(TM) 64-Bit Server VM (25.231-b11 mixed mode windows-amd64 compressed oops)
Heap:
 PSYoungGen      total 161792K, used 66500K [0x00000000f5580000, 0x0000000100000000, 0x0000000100000000)
  eden space 150016K, 37% used [0x00000000f5580000,0x00000000f8c61618,0x00000000fe800000)
  from space 11776K, 87% used [0x00000000ff480000,0x00000000ffe8fb90,0x0000000100000000)
  to   space 12288K, 0% used [0x00000000fe800000,0x00000000fe800000,0x00000000ff400000)
 ParOldGen       total 175104K, used 14406K [0x00000000e0000000, 0x00000000eab00000, 0x00000000f5580000)
  object space 175104K, 8% used [0x00000000e0000000,0x00000000e0e11970,0x00000000eab00000)
 Metaspace       used 43299K, capacity 45196K, committed 45312K, reserved 1087488K
  class space    used 6189K, capacity 6571K, committed 6656K, reserved 1048576K
GC Heap History (10 events):
Event: 18.391 GC heap before
{Heap before GC invocations=6 (full 1):
 PSYoungGen      total 76288K, used 65536K [0x00000000f5580000, 0x00000000fea80000, 0x0000000100000000)
  eden space 65536K, 100% used [0x00000000f5580000,0x00000000f9580000,0x00000000f9580000)
  from space 10752K, 0% used [0x00000000fa000000,0x00000000fa000000,0x00000000faa80000)
  to   space 10752K, 0% used [0x00000000f9580000,0x00000000f9580000,0x00000000fa000000)
 ParOldGen       total 175104K, used 6926K [0x00000000e0000000, 0x00000000eab00000, 0x00000000f5580000)
  object space 175104K, 3% used [0x00000000e0000000,0x00000000e06c3bb8,0x00000000eab00000)
 Metaspace       used 28303K, capacity 29076K, committed 29312K, reserved 1075200K
  class space    used 3977K, capacity 4183K, committed 4224K, reserved 1048576K
Event: 18.406 GC heap after
Heap after GC invocations=6 (full 1):
 PSYoungGen      total 76288K, used 8300K [0x00000000f5580000, 0x00000000fe900000, 0x0000000100000000)
  eden space 65536K, 0% used [0x00000000f5580000,0x00000000f5580000,0x00000000f9580000)
  from space 10752K, 77% used [0x00000000f9580000,0x00000000f9d9b010,0x00000000fa000000)
  to   space 12288K, 0% used [0x00000000fdd00000,0x00000000fdd00000,0x00000000fe900000)
 ParOldGen       total 175104K, used 6934K [0x00000000e0000000, 0x00000000eab00000, 0x00000000f5580000)
  object space 175104K, 3% used [0x00000000e0000000,0x00000000e06c5bb8,0x00000000eab00000)
 Metaspace       used 28303K, capacity 29076K, committed 29312K, reserved 1075200K
  class space    used 3977K, capacity 4183K, committed 4224K, reserved 1048576K
}
Event: 20.612 GC heap before
{Heap before GC invocations=7 (full 1):
 PSYoungGen      total 76288K, used 73836K [0x00000000f5580000, 0x00000000fe900000, 0x0000000100000000)
  eden space 65536K, 100% used [0x00000000f5580000,0x00000000f9580000,0x00000000f9580000)
  from space 10752K, 77% used [0x00000000f9580000,0x00000000f9d9b010,0x00000000fa000000)
  to   space 12288K, 0% used [0x00000000fdd00000,0x00000000fdd00000,0x00000000fe900000)
 ParOldGen       total 175104K, used 6934K [0x00000000e0000000, 0x00000000eab00000, 0x00000000f5580000)
  object space 175104K, 3% used [0x00000000e0000000,0x00000000e06c5bb8,0x00000000eab00000)
 Metaspace       used 32862K, capacity 33730K, committed 34048K, reserved 1079296K
  class space    used 4586K, capacity 4813K, committed 4864K, reserved 1048576K
Event: 20.645 GC heap after
Heap after GC invocations=7 (full 1):
 PSYoungGen      total 136704K, used 9282K [0x00000000f5580000, 0x00000000fe800000, 0x0000000100000000)
  eden space 125440K, 0% used [0x00000000f5580000,0x00000000f5580000,0x00000000fd000000)
  from space 11264K, 82% used [0x00000000fdd00000,0x00000000fe610b38,0x00000000fe800000)
  to   space 12288K, 0% used [0x00000000fd000000,0x00000000fd000000,0x00000000fdc00000)
 ParOldGen       total 175104K, used 6942K [0x00000000e0000000, 0x00000000eab00000, 0x00000000f5580000)
  object space 175104K, 3% used [0x00000000e0000000,0x00000000e06c7bb8,0x00000000eab00000)
 Metaspace       used 32862K, capacity 33730K, committed 34048K, reserved 1079296K
  class space    used 4586K, capacity 4813K, committed 4864K, reserved 1048576K
}
Event: 21.021 GC heap before
{Heap before GC invocations=8 (full 1):
 PSYoungGen      total 136704K, used 41989K [0x00000000f5580000, 0x00000000fe800000, 0x0000000100000000)
  eden space 125440K, 26% used [0x00000000f5580000,0x00000000f7570bd8,0x00000000fd000000)
  from space 11264K, 82% used [0x00000000fdd00000,0x00000000fe610b38,0x00000000fe800000)
  to   space 12288K, 0% used [0x00000000fd000000,0x00000000fd000000,0x00000000fdc00000)
 ParOldGen       total 175104K, used 6942K [0x00000000e0000000, 0x00000000eab00000, 0x00000000f5580000)
  object space 175104K, 3% used [0x00000000e0000000,0x00000000e06c7bb8,0x00000000eab00000)
 Metaspace       used 34425K, capacity 35384K, committed 35496K, reserved 1079296K
  class space    used 4820K, capacity 5054K, committed 5120K, reserved 1048576K
Event: 21.041 GC heap after
Heap after GC invocations=8 (full 1):
 PSYoungGen      total 137728K, used 7797K [0x00000000f5580000, 0x0000000100000000, 0x0000000100000000)
  eden space 125440K, 0% used [0x00000000f5580000,0x00000000f5580000,0x00000000fd000000)
  from space 12288K, 63% used [0x00000000fd000000,0x00000000fd79d6f0,0x00000000fdc00000)
  to   space 11776K, 0% used [0x00000000ff480000,0x00000000ff480000,0x0000000100000000)
 ParOldGen       total 175104K, used 6950K [0x00000000e0000000, 0x00000000eab00000, 0x00000000f5580000)
  object space 175104K, 3% used [0x00000000e0000000,0x00000000e06c9bb8,0x00000000eab00000)
 Metaspace       used 34425K, capacity 35384K, committed 35496K, reserved 1079296K
  class space    used 4820K, capacity 5054K, committed 5120K, reserved 1048576K
}
Event: 21.041 GC heap before
{Heap before GC invocations=9 (full 2):
 PSYoungGen      total 137728K, used 7797K [0x00000000f5580000, 0x0000000100000000, 0x0000000100000000)
  eden space 125440K, 0% used [0x00000000f5580000,0x00000000f5580000,0x00000000fd000000)
  from space 12288K, 63% used [0x00000000fd000000,0x00000000fd79d6f0,0x00000000fdc00000)
  to   space 11776K, 0% used [0x00000000ff480000,0x00000000ff480000,0x0000000100000000)
 ParOldGen       total 175104K, used 6950K [0x00000000e0000000, 0x00000000eab00000, 0x00000000f5580000)
  object space 175104K, 3% used [0x00000000e0000000,0x00000000e06c9bb8,0x00000000eab00000)
 Metaspace       used 34425K, capacity 35384K, committed 35496K, reserved 1079296K
  class space    used 4820K, capacity 5054K, committed 5120K, reserved 1048576K
Event: 21.147 GC heap after
Heap after GC invocations=9 (full 2):
 PSYoungGen      total 137728K, used 0K [0x00000000f5580000, 0x0000000100000000, 0x0000000100000000)
  eden space 125440K, 0% used [0x00000000f5580000,0x00000000f5580000,0x00000000fd000000)
  from space 12288K, 0% used [0x00000000fd000000,0x00000000fd000000,0x00000000fdc00000)
  to   space 11776K, 0% used [0x00000000ff480000,0x00000000ff480000,0x0000000100000000)
 ParOldGen       total 175104K, used 14398K [0x00000000e0000000, 0x00000000eab00000, 0x00000000f5580000)
  object space 175104K, 8% used [0x00000000e0000000,0x00000000e0e0f970,0x00000000eab00000)
 Metaspace       used 34425K, capacity 35384K, committed 35496K, reserved 1079296K
  class space    used 4820K, capacity 5054K, committed 5120K, reserved 1048576K
}
Event: 31.977 GC heap before
{Heap before GC invocations=10 (full 2):
 PSYoungGen      total 137728K, used 125440K [0x00000000f5580000, 0x0000000100000000, 0x0000000100000000)
  eden space 125440K, 100% used [0x00000000f5580000,0x00000000fd000000,0x00000000fd000000)
  from space 12288K, 0% used [0x00000000fd000000,0x00000000fd000000,0x00000000fdc00000)
  to   space 11776K, 0% used [0x00000000ff480000,0x00000000ff480000,0x0000000100000000)
 ParOldGen       total 175104K, used 14398K [0x00000000e0000000, 0x00000000eab00000, 0x00000000f5580000)
  object space 175104K, 8% used [0x00000000e0000000,0x00000000e0e0f970,0x00000000eab00000)
 Metaspace       used 40380K, capacity 42150K, committed 42368K, reserved 1085440K
  class space    used 5796K, capacity 6178K, committed 6272K, reserved 1048576K
Event: 32.031 GC heap after
Heap after GC invocations=10 (full 2):
 PSYoungGen      total 161792K, used 10302K [0x00000000f5580000, 0x0000000100000000, 0x0000000100000000)
  eden space 150016K, 0% used [0x00000000f5580000,0x00000000f5580000,0x00000000fe800000)
  from space 11776K, 87% used [0x00000000ff480000,0x00000000ffe8fb90,0x0000000100000000)
  to   space 12288K, 0% used [0x00000000fe800000,0x00000000fe800000,0x00000000ff400000)
 ParOldGen       total 175104K, used 14406K [0x00000000e0000000, 0x00000000eab00000, 0x00000000f5580000)
  object space 175104K, 8% used [0x00000000e0000000,0x00000000e0e11970,0x00000000eab00000)
 Metaspace       used 40380K, capacity 42150K, committed 42368K, reserved 1085440K
  class space    used 5796K, capacity 6178K, committed 6272K, reserved 1048576K
}

