# JRE version: Java(TM) SE Runtime Environment (8.0_231-b11) (build 1.8.0_231-b11)
# Java VM: Java HotSpot(TM) 64-Bit Server VM (25.231-b11 mixed mode windows-amd64 compressed oops)
Heap:
 PSYoungGen      total 141824K, used 125758K [0x00000000f5580000, 0x00000000fff80000, 0x0000000100000000)
  eden space 129536K, 97% used [0x00000000f5580000,0x00000000fd04f958,0x00000000fd400000)
  from space 12288K, 0% used [0x00000000fd400000,0x00000000fd400000,0x00000000fe000000)
  to   space 11776K, 0% used [0x00000000ff400000,0x00000000ff400000,0x00000000fff80000)
 ParOldGen       total 175104K, used 14454K [0x00000000e0000000, 0x00000000eab00000, 0x00000000f5580000)
  object space 175104K, 8% used [0x00000000e0000000,0x00000000e0e1d928,0x00000000eab00000)
 Metaspace       used 39688K, capacity 41418K, committed 41728K, reserved 1085440K
  class space    used 5698K, capacity 6081K, committed 6144K, reserved 1048576K
GC Heap History (10 events):
Event: 28.120 GC heap before
{Heap before GC invocations=5 (full 1):
 PSYoungGen      total 76288K, used 7069K [0x00000000f5580000, 0x00000000fea80000, 0x0000000100000000)
  eden space 65536K, 0% used [0x00000000f5580000,0x00000000f5580000,0x00000000f9580000)
  from space 10752K, 65% used [0x00000000fa000000,0x00000000fa6e7650,0x00000000faa80000)
  to   space 10752K, 0% used [0x00000000f9580000,0x00000000f9580000,0x00000000fa000000)
 ParOldGen       total 175104K, used 1083K [0x00000000e0000000, 0x00000000eab00000, 0x00000000f5580000)
  object space 175104K, 0% used [0x00000000e0000000,0x00000000e010ee08,0x00000000eab00000)
 Metaspace       used 20580K, capacity 21238K, committed 21296K, reserved 1067008K
  class space    used 2942K, capacity 3143K, committed 3200K, reserved 1048576K
Event: 28.195 GC heap after
Heap after GC invocations=5 (full 1):
 PSYoungGen      total 76288K, used 0K [0x00000000f5580000, 0x00000000fea80000, 0x0000000100000000)
  eden space 65536K, 0% used [0x00000000f5580000,0x00000000f5580000,0x00000000f9580000)
  from space 10752K, 0% used [0x00000000fa000000,0x00000000fa000000,0x00000000faa80000)
  to   space 10752K, 0% used [0x00000000f9580000,0x00000000f9580000,0x00000000fa000000)
 ParOldGen       total 175104K, used 6944K [0x00000000e0000000, 0x00000000eab00000, 0x00000000f5580000)
  object space 175104K, 3% used [0x00000000e0000000,0x00000000e06c8078,0x00000000eab00000)
 Metaspace       used 20580K, capacity 21238K, committed 21296K, reserved 1067008K
  class space    used 2942K, capacity 3143K, committed 3200K, reserved 1048576K
}
Event: 31.027 GC heap before
{Heap before GC invocations=6 (full 1):
 PSYoungGen      total 76288K, used 65536K [0x00000000f5580000, 0x00000000fea80000, 0x0000000100000000)
  eden space 65536K, 100% used [0x00000000f5580000,0x00000000f9580000,0x00000000f9580000)
  from space 10752K, 0% used [0x00000000fa000000,0x00000000fa000000,0x00000000faa80000)
  to   space 10752K, 0% used [0x00000000f9580000,0x00000000f9580000,0x00000000fa000000)
 ParOldGen       total 175104K, used 6944K [0x00000000e0000000, 0x00000000eab00000, 0x00000000f5580000)
  object space 175104K, 3% used [0x00000000e0000000,0x00000000e06c8078,0x00000000eab00000)
 Metaspace       used 28327K, capacity 29140K, committed 29312K, reserved 1075200K
  class space    used 3975K, capacity 4183K, committed 4224K, reserved 1048576K
Event: 31.040 GC heap after
Heap after GC invocations=6 (full 1):
 PSYoungGen      total 76288K, used 8283K [0x00000000f5580000, 0x00000000fec80000, 0x0000000100000000)
  eden space 65536K, 0% used [0x00000000f5580000,0x00000000f5580000,0x00000000f9580000)
  from space 10752K, 77% used [0x00000000f9580000,0x00000000f9d96ca0,0x00000000fa000000)
  to   space 12288K, 0% used [0x00000000fe080000,0x00000000fe080000,0x00000000fec80000)
 ParOldGen       total 175104K, used 6952K [0x00000000e0000000, 0x00000000eab00000, 0x00000000f5580000)
  object space 175104K, 3% used [0x00000000e0000000,0x00000000e06ca078,0x00000000eab00000)
 Metaspace       used 28327K, capacity 29140K, committed 29312K, reserved 1075200K
  class space    used 3975K, capacity 4183K, committed 4224K, reserved 1048576K
}
Event: 33.643 GC heap before
{Heap before GC invocations=7 (full 1):
 PSYoungGen      total 76288K, used 73819K [0x00000000f5580000, 0x00000000fec80000, 0x0000000100000000)
  eden space 65536K, 100% used [0x00000000f5580000,0x00000000f9580000,0x00000000f9580000)
  from space 10752K, 77% used [0x00000000f9580000,0x00000000f9d96ca0,0x00000000fa000000)
  to   space 12288K, 0% used [0x00000000fe080000,0x00000000fe080000,0x00000000fec80000)
 ParOldGen       total 175104K, used 6952K [0x00000000e0000000, 0x00000000eab00000, 0x00000000f5580000)
  object space 175104K, 3% used [0x00000000e0000000,0x00000000e06ca078,0x00000000eab00000)
 Metaspace       used 32812K, capacity 33722K, committed 34048K, reserved 1079296K
  class space    used 4567K, capacity 4811K, committed 4864K, reserved 1048576K
Event: 33.701 GC heap after
Heap after GC invocations=7 (full 1):
 PSYoungGen      total 141312K, used 9158K [0x00000000f5580000, 0x00000000fec00000, 0x0000000100000000)
  eden space 129536K, 0% used [0x00000000f5580000,0x00000000f5580000,0x00000000fd400000)
  from space 11776K, 77% used [0x00000000fe080000,0x00000000fe971b90,0x00000000fec00000)
  to   space 12288K, 0% used [0x00000000fd400000,0x00000000fd400000,0x00000000fe000000)
 ParOldGen       total 175104K, used 6960K [0x00000000e0000000, 0x00000000eab00000, 0x00000000f5580000)
  object space 175104K, 3% used [0x00000000e0000000,0x00000000e06cc078,0x00000000eab00000)
 Metaspace       used 32812K, capacity 33722K, committed 34048K, reserved 1079296K
  class space    used 4567K, capacity 4811K, committed 4864K, reserved 1048576K
}
Event: 35.074 GC heap before
{Heap before GC invocations=8 (full 1):
 PSYoungGen      total 141312K, used 42535K [0x00000000f5580000, 0x00000000fec00000, 0x0000000100000000)
  eden space 129536K, 25% used [0x00000000f5580000,0x00000000f7618160,0x00000000fd400000)
  from space 11776K, 77% used [0x00000000fe080000,0x00000000fe971b90,0x00000000fec00000)
  to   space 12288K, 0% used [0x00000000fd400000,0x00000000fd400000,0x00000000fe000000)
 ParOldGen       total 175104K, used 6960K [0x00000000e0000000, 0x00000000eab00000, 0x00000000f5580000)
  object space 175104K, 3% used [0x00000000e0000000,0x00000000e06cc078,0x00000000eab00000)
 Metaspace       used 34448K, capacity 35378K, committed 35496K, reserved 1079296K
  class space    used 4813K, capacity 5053K, committed 5120K, reserved 1048576K
Event: 35.100 GC heap after
Heap after GC invocations=8 (full 1):
 PSYoungGen      total 141824K, used 7912K [0x00000000f5580000, 0x00000000fff80000, 0x0000000100000000)
  eden space 129536K, 0% used [0x00000000f5580000,0x00000000f5580000,0x00000000fd400000)
  from space 12288K, 64% used [0x00000000fd400000,0x00000000fdbba398,0x00000000fe000000)
  to   space 11776K, 0% used [0x00000000ff400000,0x00000000ff400000,0x00000000fff80000)
 ParOldGen       total 175104K, used 6968K [0x00000000e0000000, 0x00000000eab00000, 0x00000000f5580000)
  object space 175104K, 3% used [0x00000000e0000000,0x00000000e06ce078,0x00000000eab00000)
 Metaspace       used 34448K, capacity 35378K, committed 35496K, reserved 1079296K
  class space    used 4813K, capacity 5053K, committed 5120K, reserved 1048576K
}
Event: 35.100 GC heap before
{Heap before GC invocations=9 (full 2):
 PSYoungGen      total 141824K, used 7912K [0x00000000f5580000, 0x00000000fff80000, 0x0000000100000000)
  eden space 129536K, 0% used [0x00000000f5580000,0x00000000f5580000,0x00000000fd400000)
  from space 12288K, 64% used [0x00000000fd400000,0x00000000fdbba398,0x00000000fe000000)
  to   space 11776K, 0% used [0x00000000ff400000,0x00000000ff400000,0x00000000fff80000)
 ParOldGen       total 175104K, used 6968K [0x00000000e0000000, 0x00000000eab00000, 0x00000000f5580000)
  object space 175104K, 3% used [0x00000000e0000000,0x00000000e06ce078,0x00000000eab00000)
 Metaspace       used 34448K, capacity 35378K, committed 35496K, reserved 1079296K
  class space    used 4813K, capacity 5053K, committed 5120K, reserved 1048576K
Event: 35.752 GC heap after
Heap after GC invocations=9 (full 2):
 PSYoungGen      total 141824K, used 0K [0x00000000f5580000, 0x00000000fff80000, 0x0000000100000000)
  eden space 129536K, 0% used [0x00000000f5580000,0x00000000f5580000,0x00000000fd400000)
  from space 12288K, 0% used [0x00000000fd400000,0x00000000fd400000,0x00000000fe000000)
  to   space 11776K, 0% used [0x00000000ff400000,0x00000000ff400000,0x00000000fff80000)
 ParOldGen       total 175104K, used 14454K [0x00000000e0000000, 0x00000000eab00000, 0x00000000f5580000)
  object space 175104K, 8% used [0x00000000e0000000,0x00000000e0e1d928,0x00000000eab00000)
 Metaspace       used 34448K, capacity 35378K, committed 35496K, reserved 1079296K
  class space    used 4813K, capacity 5053K, committed 5120K, reserved 1048576K
}

