# JRE version: Java(TM) SE Runtime Environment (8.0_231-b11) (build 1.8.0_231-b11)
# Java VM: Java HotSpot(TM) 64-Bit Server VM (25.231-b11 mixed mode windows-amd64 compressed oops)
Heap:
 PSYoungGen      total 161280K, used 98610K [0x00000000f5580000, 0x0000000100000000, 0x0000000100000000)
  eden space 149504K, 59% used [0x00000000f5580000,0x00000000fac801b0,0x00000000fe780000)
  from space 11776K, 80% used [0x00000000ff380000,0x00000000ffccc780,0x00000000fff00000)
  to   space 12288K, 0% used [0x00000000fe780000,0x00000000fe780000,0x00000000ff380000)
 ParOldGen       total 175104K, used 14420K [0x00000000e0000000, 0x00000000eab00000, 0x00000000f5580000)
  object space 175104K, 8% used [0x00000000e0000000,0x00000000e0e150b0,0x00000000eab00000)
 Metaspace       used 43673K, capacity 45540K, committed 45824K, reserved 1089536K
  class space    used 6197K, capacity 6571K, committed 6656K, reserved 1048576K
GC Heap History (10 events):
Event: 21.721 GC heap before
{Heap before GC invocations=6 (full 1):
 PSYoungGen      total 76288K, used 65536K [0x00000000f5580000, 0x00000000fea80000, 0x0000000100000000)
  eden space 65536K, 100% used [0x00000000f5580000,0x00000000f9580000,0x00000000f9580000)
  from space 10752K, 0% used [0x00000000fa000000,0x00000000fa000000,0x00000000faa80000)
  to   space 10752K, 0% used [0x00000000f9580000,0x00000000f9580000,0x00000000fa000000)
 ParOldGen       total 175104K, used 7030K [0x00000000e0000000, 0x00000000eab00000, 0x00000000f5580000)
  object space 175104K, 4% used [0x00000000e0000000,0x00000000e06ddb58,0x00000000eab00000)
 Metaspace       used 28321K, capacity 29082K, committed 29312K, reserved 1075200K
  class space    used 3979K, capacity 4184K, committed 4224K, reserved 1048576K
Event: 21.746 GC heap after
Heap after GC invocations=6 (full 1):
 PSYoungGen      total 76288K, used 8221K [0x00000000f5580000, 0x00000000feb00000, 0x0000000100000000)
  eden space 65536K, 0% used [0x00000000f5580000,0x00000000f5580000,0x00000000f9580000)
  from space 10752K, 76% used [0x00000000f9580000,0x00000000f9d875a8,0x00000000fa000000)
  to   space 12288K, 0% used [0x00000000fdf00000,0x00000000fdf00000,0x00000000feb00000)
 ParOldGen       total 175104K, used 7038K [0x00000000e0000000, 0x00000000eab00000, 0x00000000f5580000)
  object space 175104K, 4% used [0x00000000e0000000,0x00000000e06dfb58,0x00000000eab00000)
 Metaspace       used 28321K, capacity 29082K, committed 29312K, reserved 1075200K
  class space    used 3979K, capacity 4184K, committed 4224K, reserved 1048576K
}
Event: 23.868 GC heap before
{Heap before GC invocations=7 (full 1):
 PSYoungGen      total 76288K, used 73757K [0x00000000f5580000, 0x00000000feb00000, 0x0000000100000000)
  eden space 65536K, 100% used [0x00000000f5580000,0x00000000f9580000,0x00000000f9580000)
  from space 10752K, 76% used [0x00000000f9580000,0x00000000f9d875a8,0x00000000fa000000)
  to   space 12288K, 0% used [0x00000000fdf00000,0x00000000fdf00000,0x00000000feb00000)
 ParOldGen       total 175104K, used 7038K [0x00000000e0000000, 0x00000000eab00000, 0x00000000f5580000)
  object space 175104K, 4% used [0x00000000e0000000,0x00000000e06dfb58,0x00000000eab00000)
 Metaspace       used 32865K, capacity 33730K, committed 34048K, reserved 1079296K
  class space    used 4586K, capacity 4813K, committed 4864K, reserved 1048576K
Event: 23.900 GC heap after
Heap after GC invocations=7 (full 1):
 PSYoungGen      total 140800K, used 9254K [0x00000000f5580000, 0x00000000feb00000, 0x0000000100000000)
  eden space 128512K, 0% used [0x00000000f5580000,0x00000000f5580000,0x00000000fd300000)
  from space 12288K, 75% used [0x00000000fdf00000,0x00000000fe809b68,0x00000000feb00000)
  to   space 12288K, 0% used [0x00000000fd300000,0x00000000fd300000,0x00000000fdf00000)
 ParOldGen       total 175104K, used 7046K [0x00000000e0000000, 0x00000000eab00000, 0x00000000f5580000)
  object space 175104K, 4% used [0x00000000e0000000,0x00000000e06e1b58,0x00000000eab00000)
 Metaspace       used 32865K, capacity 33730K, committed 34048K, reserved 1079296K
  class space    used 4586K, capacity 4813K, committed 4864K, reserved 1048576K
}
Event: 25.661 GC heap before
{Heap before GC invocations=8 (full 1):
 PSYoungGen      total 140800K, used 42517K [0x00000000f5580000, 0x00000000feb00000, 0x0000000100000000)
  eden space 128512K, 25% used [0x00000000f5580000,0x00000000f75fb958,0x00000000fd300000)
  from space 12288K, 75% used [0x00000000fdf00000,0x00000000fe809b68,0x00000000feb00000)
  to   space 12288K, 0% used [0x00000000fd300000,0x00000000fd300000,0x00000000fdf00000)
 ParOldGen       total 175104K, used 7046K [0x00000000e0000000, 0x00000000eab00000, 0x00000000f5580000)
  object space 175104K, 4% used [0x00000000e0000000,0x00000000e06e1b58,0x00000000eab00000)
 Metaspace       used 34435K, capacity 35384K, committed 35496K, reserved 1079296K
  class space    used 4822K, capacity 5054K, committed 5120K, reserved 1048576K
Event: 25.702 GC heap after
Heap after GC invocations=8 (full 1):
 PSYoungGen      total 140800K, used 7816K [0x00000000f5580000, 0x00000000fff00000, 0x0000000100000000)
  eden space 128512K, 0% used [0x00000000f5580000,0x00000000f5580000,0x00000000fd300000)
  from space 12288K, 63% used [0x00000000fd300000,0x00000000fdaa20d0,0x00000000fdf00000)
  to   space 11776K, 0% used [0x00000000ff380000,0x00000000ff380000,0x00000000fff00000)
 ParOldGen       total 175104K, used 7054K [0x00000000e0000000, 0x00000000eab00000, 0x00000000f5580000)
  object space 175104K, 4% used [0x00000000e0000000,0x00000000e06e3b58,0x00000000eab00000)
 Metaspace       used 34435K, capacity 35384K, committed 35496K, reserved 1079296K
  class space    used 4822K, capacity 5054K, committed 5120K, reserved 1048576K
}
Event: 25.702 GC heap before
{Heap before GC invocations=9 (full 2):
 PSYoungGen      total 140800K, used 7816K [0x00000000f5580000, 0x00000000fff00000, 0x0000000100000000)
  eden space 128512K, 0% used [0x00000000f5580000,0x00000000f5580000,0x00000000fd300000)
  from space 12288K, 63% used [0x00000000fd300000,0x00000000fdaa20d0,0x00000000fdf00000)
  to   space 11776K, 0% used [0x00000000ff380000,0x00000000ff380000,0x00000000fff00000)
 ParOldGen       total 175104K, used 7054K [0x00000000e0000000, 0x00000000eab00000, 0x00000000f5580000)
  object space 175104K, 4% used [0x00000000e0000000,0x00000000e06e3b58,0x00000000eab00000)
 Metaspace       used 34435K, capacity 35384K, committed 35496K, reserved 1079296K
  class space    used 4822K, capacity 5054K, committed 5120K, reserved 1048576K
Event: 26.060 GC heap after
Heap after GC invocations=9 (full 2):
 PSYoungGen      total 140800K, used 0K [0x00000000f5580000, 0x00000000fff00000, 0x0000000100000000)
  eden space 128512K, 0% used [0x00000000f5580000,0x00000000f5580000,0x00000000fd300000)
  from space 12288K, 0% used [0x00000000fd300000,0x00000000fd300000,0x00000000fdf00000)
  to   space 11776K, 0% used [0x00000000ff380000,0x00000000ff380000,0x00000000fff00000)
 ParOldGen       total 175104K, used 14412K [0x00000000e0000000, 0x00000000eab00000, 0x00000000f5580000)
  object space 175104K, 8% used [0x00000000e0000000,0x00000000e0e130b0,0x00000000eab00000)
 Metaspace       used 34435K, capacity 35384K, committed 35496K, reserved 1079296K
  class space    used 4822K, capacity 5054K, committed 5120K, reserved 1048576K
}
Event: 103.644 GC heap before
{Heap before GC invocations=10 (full 2):
 PSYoungGen      total 140800K, used 128512K [0x00000000f5580000, 0x00000000fff00000, 0x0000000100000000)
  eden space 128512K, 100% used [0x00000000f5580000,0x00000000fd300000,0x00000000fd300000)
  from space 12288K, 0% used [0x00000000fd300000,0x00000000fd300000,0x00000000fdf00000)
  to   space 11776K, 0% used [0x00000000ff380000,0x00000000ff380000,0x00000000fff00000)
 ParOldGen       total 175104K, used 14412K [0x00000000e0000000, 0x00000000eab00000, 0x00000000f5580000)
  object space 175104K, 8% used [0x00000000e0000000,0x00000000e0e130b0,0x00000000eab00000)
 Metaspace       used 39138K, capacity 40688K, committed 40832K, reserved 1083392K
  class space    used 5597K, capacity 5962K, committed 6016K, reserved 1048576K
Event: 103.708 GC heap after
Heap after GC invocations=10 (full 2):
 PSYoungGen      total 161280K, used 9521K [0x00000000f5580000, 0x0000000100000000, 0x0000000100000000)
  eden space 149504K, 0% used [0x00000000f5580000,0x00000000f5580000,0x00000000fe780000)
  from space 11776K, 80% used [0x00000000ff380000,0x00000000ffccc780,0x00000000fff00000)
  to   space 12288K, 0% used [0x00000000fe780000,0x00000000fe780000,0x00000000ff380000)
 ParOldGen       total 175104K, used 14420K [0x00000000e0000000, 0x00000000eab00000, 0x00000000f5580000)
  object space 175104K, 8% used [0x00000000e0000000,0x00000000e0e150b0,0x00000000eab00000)
 Metaspace       used 39138K, capacity 40688K, committed 40832K, reserved 1083392K
  class space    used 5597K, capacity 5962K, committed 6016K, reserved 1048576K
}

